Fontconfig warning: ignoring C.UTF-8: not a valid language tag
[INFO  - 2017-06-21T23:07:11.170Z] GhostDriver - Main - running on port 52849
[INFO  - 2017-06-21T23:07:11.786Z] Session [5b98cc60-56d6-11e7-a654-c3ff4cd9aad7] - page.settings - {"XSSAuditingEnabled":false,"javascriptCanCloseWindows":true,"javascriptCanOpenWindows":true,"javascriptEnabled":true,"loadImages":true,"localToRemoteUrlAccessEnabled":false,"userAgent":"Mozilla/5.0 (Unknown; Linux x86_64) AppleWebKit/538.1 (KHTML, like Gecko) PhantomJS/2.1.1 Safari/538.1","webSecurityEnabled":true}
[INFO  - 2017-06-21T23:07:11.786Z] Session [5b98cc60-56d6-11e7-a654-c3ff4cd9aad7] - page.customHeaders:  - {}
[INFO  - 2017-06-21T23:07:11.786Z] Session [5b98cc60-56d6-11e7-a654-c3ff4cd9aad7] - Session.negotiatedCapabilities - {"browserName":"phantomjs","version":"2.1.1","driverName":"ghostdriver","driverVersion":"1.2.0","platform":"linux-unknown-64bit","javascriptEnabled":true,"takesScreenshot":true,"handlesAlerts":false,"databaseEnabled":false,"locationContextEnabled":false,"applicationCacheEnabled":false,"browserConnectionEnabled":false,"cssSelectorsEnabled":true,"webStorageEnabled":false,"rotatable":false,"acceptSslCerts":false,"nativeEvents":true,"proxy":{"proxyType":"direct"}}
[INFO  - 2017-06-21T23:07:11.786Z] SessionManagerReqHand - _postNewSessionCommand - New Session Created: 5b98cc60-56d6-11e7-a654-c3ff4cd9aad7
[ERROR - 2017-06-21T23:07:19.860Z] Session [5b98cc60-56d6-11e7-a654-c3ff4cd9aad7] - page.onError - msg: [object Object]

  phantomjs://platform/console++.js:263 in error
[ERROR - 2017-06-21T23:07:19.860Z] Session [5b98cc60-56d6-11e7-a654-c3ff4cd9aad7] - page.onError - stack:
  error (https://www.googletagmanager.com/gtm.js?id=GTM-NVQ3PV:78)
  onerror (https://www.googletagmanager.com/gtm.js?id=GTM-NVQ3PV:85)
  replaceChild (:0)
  Qb (https://www.googletagmanager.com/gtm.js?id=GTM-NVQ3PV:85)
  kc (https://www.googletagmanager.com/gtm.js?id=GTM-NVQ3PV:84)
  Jb (https://www.googletagmanager.com/gtm.js?id=GTM-NVQ3PV:82)
  Sa (https://www.googletagmanager.com/gtm.js?id=GTM-NVQ3PV:80)
  write (https://www.googletagmanager.com/gtm.js?id=GTM-NVQ3PV:79)
  k (https://www.googletagmanager.com/gtm.js?id=GTM-NVQ3PV:86)
  write (https://www.googletagmanager.com/gtm.js?id=GTM-NVQ3PV:86)
  (anonymous function) (https://dex.advg.jp/dx/p/free0?_aid=2865&_free=4388&_del=1:14)

  phantomjs://platform/console++.js:263 in error
[ERROR - 2017-06-21T23:07:19.861Z] Session [5b98cc60-56d6-11e7-a654-c3ff4cd9aad7] - page.onError - msg: [object Object]

  phantomjs://platform/console++.js:263 in error
[ERROR - 2017-06-21T23:07:19.861Z] Session [5b98cc60-56d6-11e7-a654-c3ff4cd9aad7] - page.onError - stack:
  error (https://www.googletagmanager.com/gtm.js?id=GTM-NVQ3PV:78)
  onerror (https://www.googletagmanager.com/gtm.js?id=GTM-NVQ3PV:86)
  replaceChild (:0)
  Qb (https://www.googletagmanager.com/gtm.js?id=GTM-NVQ3PV:85)
  kc (https://www.googletagmanager.com/gtm.js?id=GTM-NVQ3PV:84)
  Jb (https://www.googletagmanager.com/gtm.js?id=GTM-NVQ3PV:82)
  Sa (https://www.googletagmanager.com/gtm.js?id=GTM-NVQ3PV:80)
  write (https://www.googletagmanager.com/gtm.js?id=GTM-NVQ3PV:79)
  k (https://www.googletagmanager.com/gtm.js?id=GTM-NVQ3PV:86)
  write (https://www.googletagmanager.com/gtm.js?id=GTM-NVQ3PV:86)
  (anonymous function) (https://dex.advg.jp/dx/p/free0?_aid=2865&_free=4388&_del=1:14)

  phantomjs://platform/console++.js:263 in error
